<?xml version="1.0" encoding="UTF-8"?><testrun name="TextoTeste" project="MeuPrimeiroPrograma" tests="10" started="10" failures="1" errors="1" ignored="0">
  <testsuite name="br.com.db1.db1start.aula11.ex2.test.TextoTeste" time="0.0">
    <testcase name="deveRetornarTamanhoDoTextoSemEspaco" classname="br.com.db1.db1start.aula11.ex2.test.TextoTeste" time="0.0"/>
    <testcase name="deveRetornarDepoisDa3LetraDoNome" classname="br.com.db1.db1start.aula11.ex2.test.TextoTeste" time="0.0"/>
    <testcase name="deveMudarParaLetraMaiuscula" classname="br.com.db1.db1start.aula11.ex2.test.TextoTeste" time="0.0"/>
    <testcase name="deveRetornar4PrimeirasLetrasDoNome" classname="br.com.db1.db1start.aula11.ex2.test.TextoTeste" time="0.0"/>
    <testcase name="deveRetornarTextoComEspaco" classname="br.com.db1.db1start.aula11.ex2.test.TextoTeste" time="0.0">
      <failure>java.lang.AssertionError: expected:&lt;banana maçã melancia&gt; but was:&lt;[Ljava.lang.String;@4459eb14&gt;&#13;
	at org.junit.Assert.fail(Assert.java:88)&#13;
	at org.junit.Assert.failNotEquals(Assert.java:834)&#13;
	at org.junit.Assert.assertEquals(Assert.java:118)&#13;
	at org.junit.Assert.assertEquals(Assert.java:144)&#13;
	at br.com.db1.db1start.aula11.ex2.test.TextoTeste.deveRetornarTextoComEspaco(TextoTeste.java:68)&#13;
	at sun.reflect.NativeMethodAccessorImpl.invoke0(Native Method)&#13;
	at sun.reflect.NativeMethodAccessorImpl.invoke(NativeMethodAccessorImpl.java:62)&#13;
	at sun.reflect.DelegatingMethodAccessorImpl.invoke(DelegatingMethodAccessorImpl.java:43)&#13;
	at java.lang.reflect.Method.invoke(Method.java:497)&#13;
	at org.junit.runners.model.FrameworkMethod$1.runReflectiveCall(FrameworkMethod.java:50)&#13;
	at org.junit.internal.runners.model.ReflectiveCallable.run(ReflectiveCallable.java:12)&#13;
	at org.junit.runners.model.FrameworkMethod.invokeExplosively(FrameworkMethod.java:47)&#13;
	at org.junit.internal.runners.statements.InvokeMethod.evaluate(InvokeMethod.java:17)&#13;
	at org.junit.runners.ParentRunner.runLeaf(ParentRunner.java:325)&#13;
	at org.junit.runners.BlockJUnit4ClassRunner.runChild(BlockJUnit4ClassRunner.java:78)&#13;
	at org.junit.runners.BlockJUnit4ClassRunner.runChild(BlockJUnit4ClassRunner.java:57)&#13;
	at org.junit.runners.ParentRunner$3.run(ParentRunner.java:290)&#13;
	at org.junit.runners.ParentRunner$1.schedule(ParentRunner.java:71)&#13;
	at org.junit.runners.ParentRunner.runChildren(ParentRunner.java:288)&#13;
	at org.junit.runners.ParentRunner.access$000(ParentRunner.java:58)&#13;
	at org.junit.runners.ParentRunner$2.evaluate(ParentRunner.java:268)&#13;
	at org.junit.runners.ParentRunner.run(ParentRunner.java:363)&#13;
	at org.eclipse.jdt.internal.junit4.runner.JUnit4TestReference.run(JUnit4TestReference.java:86)&#13;
	at org.eclipse.jdt.internal.junit.runner.TestExecution.run(TestExecution.java:38)&#13;
	at org.eclipse.jdt.internal.junit.runner.RemoteTestRunner.runTests(RemoteTestRunner.java:538)&#13;
	at org.eclipse.jdt.internal.junit.runner.RemoteTestRunner.runTests(RemoteTestRunner.java:760)&#13;
	at org.eclipse.jdt.internal.junit.runner.RemoteTestRunner.run(RemoteTestRunner.java:460)&#13;
	at org.eclipse.jdt.internal.junit.runner.RemoteTestRunner.main(RemoteTestRunner.java:206)&#13;
&#13;
</failure>
    </testcase>
    <testcase name="deveMudarParaLetraMinuscula" classname="br.com.db1.db1start.aula11.ex2.test.TextoTeste" time="0.0"/>
    <testcase name="deveRetornar4UltimasLetrasDoNome" classname="br.com.db1.db1start.aula11.ex2.test.TextoTeste" time="0.0">
      <error>java.lang.StringIndexOutOfBoundsException: String index out of range: 29&#13;
	at java.lang.String.substring(String.java:1963)&#13;
	at br.com.db1.db1start.aula11.ex2.Texto.retornar4UltimasLetrasDoNome(Texto.java:32)&#13;
	at br.com.db1.db1start.aula11.ex2.test.TextoTeste.deveRetornar4UltimasLetrasDoNome(TextoTeste.java:55)&#13;
	at sun.reflect.NativeMethodAccessorImpl.invoke0(Native Method)&#13;
	at sun.reflect.NativeMethodAccessorImpl.invoke(NativeMethodAccessorImpl.java:62)&#13;
	at sun.reflect.DelegatingMethodAccessorImpl.invoke(DelegatingMethodAccessorImpl.java:43)&#13;
	at java.lang.reflect.Method.invoke(Method.java:497)&#13;
	at org.junit.runners.model.FrameworkMethod$1.runReflectiveCall(FrameworkMethod.java:50)&#13;
	at org.junit.internal.runners.model.ReflectiveCallable.run(ReflectiveCallable.java:12)&#13;
	at org.junit.runners.model.FrameworkMethod.invokeExplosively(FrameworkMethod.java:47)&#13;
	at org.junit.internal.runners.statements.InvokeMethod.evaluate(InvokeMethod.java:17)&#13;
	at org.junit.runners.ParentRunner.runLeaf(ParentRunner.java:325)&#13;
	at org.junit.runners.BlockJUnit4ClassRunner.runChild(BlockJUnit4ClassRunner.java:78)&#13;
	at org.junit.runners.BlockJUnit4ClassRunner.runChild(BlockJUnit4ClassRunner.java:57)&#13;
	at org.junit.runners.ParentRunner$3.run(ParentRunner.java:290)&#13;
	at org.junit.runners.ParentRunner$1.schedule(ParentRunner.java:71)&#13;
	at org.junit.runners.ParentRunner.runChildren(ParentRunner.java:288)&#13;
	at org.junit.runners.ParentRunner.access$000(ParentRunner.java:58)&#13;
	at org.junit.runners.ParentRunner$2.evaluate(ParentRunner.java:268)&#13;
	at org.junit.runners.ParentRunner.run(ParentRunner.java:363)&#13;
	at org.eclipse.jdt.internal.junit4.runner.JUnit4TestReference.run(JUnit4TestReference.java:86)&#13;
	at org.eclipse.jdt.internal.junit.runner.TestExecution.run(TestExecution.java:38)&#13;
	at org.eclipse.jdt.internal.junit.runner.RemoteTestRunner.runTests(RemoteTestRunner.java:538)&#13;
	at org.eclipse.jdt.internal.junit.runner.RemoteTestRunner.runTests(RemoteTestRunner.java:760)&#13;
	at org.eclipse.jdt.internal.junit.runner.RemoteTestRunner.run(RemoteTestRunner.java:460)&#13;
	at org.eclipse.jdt.internal.junit.runner.RemoteTestRunner.main(RemoteTestRunner.java:206)&#13;
&#13;
</error>
    </testcase>
    <testcase name="deveRetornarAluno" classname="br.com.db1.db1start.aula11.ex2.test.TextoTeste" time="0.0"/>
    <testcase name="deveRetornarTamanhoDoTextoComEspaco" classname="br.com.db1.db1start.aula11.ex2.test.TextoTeste" time="0.0"/>
    <testcase name="deveRetornarTamanhoDoTexto" classname="br.com.db1.db1start.aula11.ex2.test.TextoTeste" time="0.0"/>
  </testsuite>
</testrun>
