<?xml version="1.0" encoding="UTF-8"?><testrun name="TextoTeste" project="MeuPrimeiroPrograma" tests="10" started="10" failures="2" errors="0" ignored="0">
  <testsuite name="br.com.db1.db1start.aula11.ex2.test.TextoTeste" time="0.015">
    <testcase name="deveRetornarTamanhoDoTextoSemEspaco" classname="br.com.db1.db1start.aula11.ex2.test.TextoTeste" time="0.0"/>
    <testcase name="deveRetornarDepoisDa3LetraDoNome" classname="br.com.db1.db1start.aula11.ex2.test.TextoTeste" time="0.0"/>
    <testcase name="deveMudarParaLetraMaiuscula" classname="br.com.db1.db1start.aula11.ex2.test.TextoTeste" time="0.0"/>
    <testcase name="deveRetornar4PrimeirasLetrasDoNome" classname="br.com.db1.db1start.aula11.ex2.test.TextoTeste" time="0.0"/>
    <testcase name="deveRetornarTextoComEspaco" classname="br.com.db1.db1start.aula11.ex2.test.TextoTeste" time="0.015">
      <failure>banana maçã melancia: arrays first differed at element [1]; expected:&lt;[ ]maçã&gt; but was:&lt;[]maçã&gt;&#13;
	at org.junit.internal.ComparisonCriteria.arrayEquals(ComparisonCriteria.java:55)&#13;
	at org.junit.Assert.internalArrayEquals(Assert.java:532)&#13;
	at org.junit.Assert.assertArrayEquals(Assert.java:283)&#13;
	at br.com.db1.db1start.aula11.ex2.test.TextoTeste.deveRetornarTextoComEspaco(TextoTeste.java:69)&#13;
	at sun.reflect.NativeMethodAccessorImpl.invoke0(Native Method)&#13;
	at sun.reflect.NativeMethodAccessorImpl.invoke(NativeMethodAccessorImpl.java:62)&#13;
	at sun.reflect.DelegatingMethodAccessorImpl.invoke(DelegatingMethodAccessorImpl.java:43)&#13;
	at java.lang.reflect.Method.invoke(Method.java:497)&#13;
	at org.junit.runners.model.FrameworkMethod$1.runReflectiveCall(FrameworkMethod.java:50)&#13;
	at org.junit.internal.runners.model.ReflectiveCallable.run(ReflectiveCallable.java:12)&#13;
	at org.junit.runners.model.FrameworkMethod.invokeExplosively(FrameworkMethod.java:47)&#13;
	at org.junit.internal.runners.statements.InvokeMethod.evaluate(InvokeMethod.java:17)&#13;
	at org.junit.runners.ParentRunner.runLeaf(ParentRunner.java:325)&#13;
	at org.junit.runners.BlockJUnit4ClassRunner.runChild(BlockJUnit4ClassRunner.java:78)&#13;
	at org.junit.runners.BlockJUnit4ClassRunner.runChild(BlockJUnit4ClassRunner.java:57)&#13;
	at org.junit.runners.ParentRunner$3.run(ParentRunner.java:290)&#13;
	at org.junit.runners.ParentRunner$1.schedule(ParentRunner.java:71)&#13;
	at org.junit.runners.ParentRunner.runChildren(ParentRunner.java:288)&#13;
	at org.junit.runners.ParentRunner.access$000(ParentRunner.java:58)&#13;
	at org.junit.runners.ParentRunner$2.evaluate(ParentRunner.java:268)&#13;
	at org.junit.runners.ParentRunner.run(ParentRunner.java:363)&#13;
	at org.eclipse.jdt.internal.junit4.runner.JUnit4TestReference.run(JUnit4TestReference.java:86)&#13;
	at org.eclipse.jdt.internal.junit.runner.TestExecution.run(TestExecution.java:38)&#13;
	at org.eclipse.jdt.internal.junit.runner.RemoteTestRunner.runTests(RemoteTestRunner.java:538)&#13;
	at org.eclipse.jdt.internal.junit.runner.RemoteTestRunner.runTests(RemoteTestRunner.java:760)&#13;
	at org.eclipse.jdt.internal.junit.runner.RemoteTestRunner.run(RemoteTestRunner.java:460)&#13;
	at org.eclipse.jdt.internal.junit.runner.RemoteTestRunner.main(RemoteTestRunner.java:206)&#13;
Caused by: org.junit.ComparisonFailure: expected:&lt;[ ]maçã&gt; but was:&lt;[]maçã&gt;&#13;
	at org.junit.Assert.assertEquals(Assert.java:115)&#13;
	at org.junit.Assert.assertEquals(Assert.java:144)&#13;
	at org.junit.internal.ExactComparisonCriteria.assertElementsEqual(ExactComparisonCriteria.java:8)&#13;
	at org.junit.internal.ComparisonCriteria.arrayEquals(ComparisonCriteria.java:53)&#13;
	... 26 more&#13;
&#13;
</failure>
    </testcase>
    <testcase name="deveMudarParaLetraMinuscula" classname="br.com.db1.db1start.aula11.ex2.test.TextoTeste" time="0.0"/>
    <testcase name="deveRetornar4UltimasLetrasDoNome" classname="br.com.db1.db1start.aula11.ex2.test.TextoTeste" time="0.0">
      <failure>
        <expected>eira</expected>
        <actual>ira</actual>org.junit.ComparisonFailure: expected:&lt;[e]ira&gt; but was:&lt;[]ira&gt;&#13;
	at org.junit.Assert.assertEquals(Assert.java:115)&#13;
	at org.junit.Assert.assertEquals(Assert.java:144)&#13;
	at br.com.db1.db1start.aula11.ex2.test.TextoTeste.deveRetornar4UltimasLetrasDoNome(TextoTeste.java:56)&#13;
	at sun.reflect.NativeMethodAccessorImpl.invoke0(Native Method)&#13;
	at sun.reflect.NativeMethodAccessorImpl.invoke(NativeMethodAccessorImpl.java:62)&#13;
	at sun.reflect.DelegatingMethodAccessorImpl.invoke(DelegatingMethodAccessorImpl.java:43)&#13;
	at java.lang.reflect.Method.invoke(Method.java:497)&#13;
	at org.junit.runners.model.FrameworkMethod$1.runReflectiveCall(FrameworkMethod.java:50)&#13;
	at org.junit.internal.runners.model.ReflectiveCallable.run(ReflectiveCallable.java:12)&#13;
	at org.junit.runners.model.FrameworkMethod.invokeExplosively(FrameworkMethod.java:47)&#13;
	at org.junit.internal.runners.statements.InvokeMethod.evaluate(InvokeMethod.java:17)&#13;
	at org.junit.runners.ParentRunner.runLeaf(ParentRunner.java:325)&#13;
	at org.junit.runners.BlockJUnit4ClassRunner.runChild(BlockJUnit4ClassRunner.java:78)&#13;
	at org.junit.runners.BlockJUnit4ClassRunner.runChild(BlockJUnit4ClassRunner.java:57)&#13;
	at org.junit.runners.ParentRunner$3.run(ParentRunner.java:290)&#13;
	at org.junit.runners.ParentRunner$1.schedule(ParentRunner.java:71)&#13;
	at org.junit.runners.ParentRunner.runChildren(ParentRunner.java:288)&#13;
	at org.junit.runners.ParentRunner.access$000(ParentRunner.java:58)&#13;
	at org.junit.runners.ParentRunner$2.evaluate(ParentRunner.java:268)&#13;
	at org.junit.runners.ParentRunner.run(ParentRunner.java:363)&#13;
	at org.eclipse.jdt.internal.junit4.runner.JUnit4TestReference.run(JUnit4TestReference.java:86)&#13;
	at org.eclipse.jdt.internal.junit.runner.TestExecution.run(TestExecution.java:38)&#13;
	at org.eclipse.jdt.internal.junit.runner.RemoteTestRunner.runTests(RemoteTestRunner.java:538)&#13;
	at org.eclipse.jdt.internal.junit.runner.RemoteTestRunner.runTests(RemoteTestRunner.java:760)&#13;
	at org.eclipse.jdt.internal.junit.runner.RemoteTestRunner.run(RemoteTestRunner.java:460)&#13;
	at org.eclipse.jdt.internal.junit.runner.RemoteTestRunner.main(RemoteTestRunner.java:206)&#13;
&#13;
</failure>
    </testcase>
    <testcase name="deveRetornarAluno" classname="br.com.db1.db1start.aula11.ex2.test.TextoTeste" time="0.0"/>
    <testcase name="deveRetornarTamanhoDoTextoComEspaco" classname="br.com.db1.db1start.aula11.ex2.test.TextoTeste" time="0.0"/>
    <testcase name="deveRetornarTamanhoDoTexto" classname="br.com.db1.db1start.aula11.ex2.test.TextoTeste" time="0.0"/>
  </testsuite>
</testrun>
